# JRE version: Java(TM) SE Runtime Environment (21.0.4+8) (build 21.0.4+8-LTS-274)
# Java VM: Java HotSpot(TM) 64-Bit Server VM (21.0.4+8-LTS-274, mixed mode, sharing, tiered, compressed oops, compressed class ptrs, g1 gc, windows-amd64)
GC Precious Log:
 CardTable entry size: 512
 Card Set container configuration: InlinePtr #cards 5 size 8 Array Of Cards #cards 12 size 40 Howl #buckets 4 coarsen threshold 1843 Howl Bitmap #cards 512 size 80 coarsen threshold 460 Card regions per heap region 1 cards per card region 2048
 CPUs: 12 total, 12 available
 Memory: 7914M
 Large Page Support: Disabled
 NUMA Support: Disabled
 Compressed Oops: Enabled (32-bit)
 Heap Region Size: 1M
 Heap Min Capacity: 256M
 Heap Initial Capacity: 256M
 Heap Max Capacity: 512M
 Pre-touch: Disabled
 Parallel Workers: 10
 Concurrent Workers: 3
 Concurrent Refinement Workers: 10
 Periodic GC: Disabled
Heap:
 garbage-first heap   total 262144K, used 76780K [0x00000000e0000000, 0x0000000100000000)
  region size 1024K, 53 young (54272K), 18 survivors (18432K)
 Metaspace       used 54720K, committed 56384K, reserved 393216K
  class space    used 7883K, committed 8704K, reserved 327680K
GC Heap History (10 events):
Event: 1.002 GC heap before
{Heap before GC invocations=0 (full 0):
 garbage-first heap   total 262144K, used 26624K [0x00000000e0000000, 0x0000000100000000)
  region size 1024K, 23 young (23552K), 0 survivors (0K)
 Metaspace       used 1254K, committed 1408K, reserved 393216K
  class space    used 99K, committed 192K, reserved 327680K
}
Event: 1.009 GC heap after
{Heap after GC invocations=1 (full 0):
 garbage-first heap   total 262144K, used 10521K [0x00000000e0000000, 0x0000000100000000)
  region size 1024K, 3 young (3072K), 3 survivors (3072K)
 Metaspace       used 1254K, committed 1408K, reserved 393216K
  class space    used 99K, committed 192K, reserved 327680K
}
Event: 2.223 GC heap before
{Heap before GC invocations=1 (full 0):
 garbage-first heap   total 262144K, used 40217K [0x00000000e0000000, 0x0000000100000000)
  region size 1024K, 33 young (33792K), 3 survivors (3072K)
 Metaspace       used 4297K, committed 4480K, reserved 393216K
  class space    used 533K, committed 640K, reserved 327680K
}
Event: 2.229 GC heap after
{Heap after GC invocations=2 (full 0):
 garbage-first heap   total 262144K, used 11873K [0x00000000e0000000, 0x0000000100000000)
  region size 1024K, 2 young (2048K), 2 survivors (2048K)
 Metaspace       used 4297K, committed 4480K, reserved 393216K
  class space    used 533K, committed 640K, reserved 327680K
}
Event: 10.634 GC heap before
{Heap before GC invocations=2 (full 0):
 garbage-first heap   total 262144K, used 138849K [0x00000000e0000000, 0x0000000100000000)
  region size 1024K, 125 young (128000K), 2 survivors (2048K)
 Metaspace       used 20825K, committed 21504K, reserved 393216K
  class space    used 2995K, committed 3328K, reserved 327680K
}
Event: 10.649 GC heap after
{Heap after GC invocations=3 (full 0):
 garbage-first heap   total 262144K, used 24220K [0x00000000e0000000, 0x0000000100000000)
  region size 1024K, 13 young (13312K), 13 survivors (13312K)
 Metaspace       used 20825K, committed 21504K, reserved 393216K
  class space    used 2995K, committed 3328K, reserved 327680K
}
Event: 16.318 GC heap before
{Heap before GC invocations=4 (full 0):
 garbage-first heap   total 262144K, used 117404K [0x00000000e0000000, 0x0000000100000000)
  region size 1024K, 105 young (107520K), 13 survivors (13312K)
 Metaspace       used 34873K, committed 36096K, reserved 393216K
  class space    used 5082K, committed 5696K, reserved 327680K
}
Event: 16.338 GC heap after
{Heap after GC invocations=5 (full 0):
 garbage-first heap   total 262144K, used 31172K [0x00000000e0000000, 0x0000000100000000)
  region size 1024K, 7 young (7168K), 7 survivors (7168K)
 Metaspace       used 34873K, committed 36096K, reserved 393216K
  class space    used 5082K, committed 5696K, reserved 327680K
}
Event: 22.060 GC heap before
{Heap before GC invocations=6 (full 0):
 garbage-first heap   total 262144K, used 186820K [0x00000000e0000000, 0x0000000100000000)
  region size 1024K, 153 young (156672K), 7 survivors (7168K)
 Metaspace       used 51458K, committed 52992K, reserved 393216K
  class space    used 7314K, committed 8064K, reserved 327680K
}
Event: 22.076 GC heap after
{Heap after GC invocations=7 (full 0):
 garbage-first heap   total 262144K, used 41964K [0x00000000e0000000, 0x0000000100000000)
  region size 1024K, 18 young (18432K), 18 survivors (18432K)
 Metaspace       used 51458K, committed 52992K, reserved 393216K
  class space    used 7314K, committed 8064K, reserved 327680K
}

