# JRE version: OpenJDK Runtime Environment Temurin-21.0.8+9 (21.0.8+9) (build 21.0.8+9-LTS)
# Java VM: OpenJDK 64-Bit Server VM Temurin-21.0.8+9 (21.0.8+9-LTS, mixed mode, sharing, tiered, compressed oops, compressed class ptrs, parallel gc, windows-amd64)
GC Precious Log:
 CardTable entry size: 512
 CPUs: 12 total, 12 available
 Memory: 7914M
 Large Page Support: Disabled
 NUMA Support: Disabled
 Compressed Oops: Enabled (32-bit)
 Alignments: Space 512K, Generation 512K, Heap 2M
 Heap Min Capacity: 100M
 Heap Initial Capacity: 100M
 Heap Max Capacity: 2G
 Pre-touch: Disabled
 Parallel Workers: 10
Heap:
 PSYoungGen      total 25088K, used 16931K [0x00000000d5580000, 0x00000000d7600000, 0x0000000100000000)
  eden space 22016K, 65% used [0x00000000d5580000,0x00000000d637f0e0,0x00000000d6b00000)
  from space 3072K, 84% used [0x00000000d7300000,0x00000000d7589d40,0x00000000d7600000)
  to   space 3072K, 0% used [0x00000000d7000000,0x00000000d7000000,0x00000000d7300000)
 ParOldGen       total 668672K, used 514015K [0x0000000080000000, 0x00000000a8d00000, 0x00000000d5580000)
  object space 668672K, 76% used [0x0000000080000000,0x000000009f5f7f10,0x00000000a8d00000)
 Metaspace       used 82149K, committed 83904K, reserved 1179648K
  class space    used 9701K, committed 10432K, reserved 1048576K
GC Heap History (20 events):
Event: 101.683 GC heap before
{Heap before GC invocations=1152 (full 3):
 PSYoungGen      total 27648K, used 27648K [0x00000000d5580000, 0x00000000d7b80000, 0x0000000100000000)
  eden space 27136K, 100% used [0x00000000d5580000,0x00000000d7000000,0x00000000d7000000)
  from space 512K, 100% used [0x00000000d7b00000,0x00000000d7b80000,0x00000000d7b80000)
  to   space 5120K, 0% used [0x00000000d7180000,0x00000000d7180000,0x00000000d7680000)
 ParOldGen       total 668672K, used 480688K [0x0000000080000000, 0x00000000a8d00000, 0x00000000d5580000)
  object space 668672K, 71% used [0x0000000080000000,0x000000009d56c308,0x00000000a8d00000)
 Metaspace       used 81750K, committed 83520K, reserved 1179648K
  class space    used 9668K, committed 10432K, reserved 1048576K
}
Event: 101.688 GC heap after
{Heap after GC invocations=1152 (full 3):
 PSYoungGen      total 33792K, used 2710K [0x00000000d5580000, 0x00000000d7c80000, 0x0000000100000000)
  eden space 28672K, 0% used [0x00000000d5580000,0x00000000d5580000,0x00000000d7180000)
  from space 5120K, 52% used [0x00000000d7180000,0x00000000d7425810,0x00000000d7680000)
  to   space 3584K, 0% used [0x00000000d7900000,0x00000000d7900000,0x00000000d7c80000)
 ParOldGen       total 668672K, used 481136K [0x0000000080000000, 0x00000000a8d00000, 0x00000000d5580000)
  object space 668672K, 71% used [0x0000000080000000,0x000000009d5dc308,0x00000000a8d00000)
 Metaspace       used 81750K, committed 83520K, reserved 1179648K
  class space    used 9668K, committed 10432K, reserved 1048576K
}
Event: 101.737 GC heap before
{Heap before GC invocations=1153 (full 3):
 PSYoungGen      total 33792K, used 31382K [0x00000000d5580000, 0x00000000d7c80000, 0x0000000100000000)
  eden space 28672K, 100% used [0x00000000d5580000,0x00000000d7180000,0x00000000d7180000)
  from space 5120K, 52% used [0x00000000d7180000,0x00000000d7425810,0x00000000d7680000)
  to   space 3584K, 0% used [0x00000000d7900000,0x00000000d7900000,0x00000000d7c80000)
 ParOldGen       total 668672K, used 481136K [0x0000000080000000, 0x00000000a8d00000, 0x00000000d5580000)
  object space 668672K, 71% used [0x0000000080000000,0x000000009d5dc308,0x00000000a8d00000)
 Metaspace       used 81750K, committed 83520K, reserved 1179648K
  class space    used 9668K, committed 10432K, reserved 1048576K
}
Event: 101.750 GC heap after
{Heap after GC invocations=1153 (full 3):
 PSYoungGen      total 32256K, used 3562K [0x00000000d5580000, 0x00000000d8680000, 0x0000000100000000)
  eden space 28672K, 0% used [0x00000000d5580000,0x00000000d5580000,0x00000000d7180000)
  from space 3584K, 99% used [0x00000000d7900000,0x00000000d7c7aa90,0x00000000d7c80000)
  to   space 7680K, 0% used [0x00000000d7180000,0x00000000d7180000,0x00000000d7900000)
 ParOldGen       total 668672K, used 484261K [0x0000000080000000, 0x00000000a8d00000, 0x00000000d5580000)
  object space 668672K, 72% used [0x0000000080000000,0x000000009d8e94c0,0x00000000a8d00000)
 Metaspace       used 81750K, committed 83520K, reserved 1179648K
  class space    used 9668K, committed 10432K, reserved 1048576K
}
Event: 101.905 GC heap before
{Heap before GC invocations=1154 (full 3):
 PSYoungGen      total 32256K, used 32234K [0x00000000d5580000, 0x00000000d8680000, 0x0000000100000000)
  eden space 28672K, 100% used [0x00000000d5580000,0x00000000d7180000,0x00000000d7180000)
  from space 3584K, 99% used [0x00000000d7900000,0x00000000d7c7aa90,0x00000000d7c80000)
  to   space 7680K, 0% used [0x00000000d7180000,0x00000000d7180000,0x00000000d7900000)
 ParOldGen       total 668672K, used 484261K [0x0000000080000000, 0x00000000a8d00000, 0x00000000d5580000)
  object space 668672K, 72% used [0x0000000080000000,0x000000009d8e94c0,0x00000000a8d00000)
 Metaspace       used 81750K, committed 83520K, reserved 1179648K
  class space    used 9668K, committed 10432K, reserved 1048576K
}
Event: 101.917 GC heap after
{Heap after GC invocations=1154 (full 3):
 PSYoungGen      total 30208K, used 1889K [0x00000000d5580000, 0x00000000d7980000, 0x0000000100000000)
  eden space 28160K, 0% used [0x00000000d5580000,0x00000000d5580000,0x00000000d7100000)
  from space 2048K, 92% used [0x00000000d7180000,0x00000000d73587a8,0x00000000d7380000)
  to   space 4096K, 0% used [0x00000000d7580000,0x00000000d7580000,0x00000000d7980000)
 ParOldGen       total 668672K, used 486661K [0x0000000080000000, 0x00000000a8d00000, 0x00000000d5580000)
  object space 668672K, 72% used [0x0000000080000000,0x000000009db414c8,0x00000000a8d00000)
 Metaspace       used 81750K, committed 83520K, reserved 1179648K
  class space    used 9668K, committed 10432K, reserved 1048576K
}
Event: 102.047 GC heap before
{Heap before GC invocations=1155 (full 3):
 PSYoungGen      total 30208K, used 30049K [0x00000000d5580000, 0x00000000d7980000, 0x0000000100000000)
  eden space 28160K, 100% used [0x00000000d5580000,0x00000000d7100000,0x00000000d7100000)
  from space 2048K, 92% used [0x00000000d7180000,0x00000000d73587a8,0x00000000d7380000)
  to   space 4096K, 0% used [0x00000000d7580000,0x00000000d7580000,0x00000000d7980000)
 ParOldGen       total 668672K, used 486661K [0x0000000080000000, 0x00000000a8d00000, 0x00000000d5580000)
  object space 668672K, 72% used [0x0000000080000000,0x000000009db414c8,0x00000000a8d00000)
 Metaspace       used 81923K, committed 83712K, reserved 1179648K
  class space    used 9686K, committed 10432K, reserved 1048576K
}
Event: 102.060 GC heap after
{Heap after GC invocations=1155 (full 3):
 PSYoungGen      total 29696K, used 4071K [0x00000000d5580000, 0x00000000d7e80000, 0x0000000100000000)
  eden space 25600K, 0% used [0x00000000d5580000,0x00000000d5580000,0x00000000d6e80000)
  from space 4096K, 99% used [0x00000000d7580000,0x00000000d7979ed8,0x00000000d7980000)
  to   space 7168K, 0% used [0x00000000d6e80000,0x00000000d6e80000,0x00000000d7580000)
 ParOldGen       total 668672K, used 488844K [0x0000000080000000, 0x00000000a8d00000, 0x00000000d5580000)
  object space 668672K, 73% used [0x0000000080000000,0x000000009dd630e0,0x00000000a8d00000)
 Metaspace       used 81923K, committed 83712K, reserved 1179648K
  class space    used 9686K, committed 10432K, reserved 1048576K
}
Event: 102.148 GC heap before
{Heap before GC invocations=1156 (full 3):
 PSYoungGen      total 29696K, used 29671K [0x00000000d5580000, 0x00000000d7e80000, 0x0000000100000000)
  eden space 25600K, 100% used [0x00000000d5580000,0x00000000d6e80000,0x00000000d6e80000)
  from space 4096K, 99% used [0x00000000d7580000,0x00000000d7979ed8,0x00000000d7980000)
  to   space 7168K, 0% used [0x00000000d6e80000,0x00000000d6e80000,0x00000000d7580000)
 ParOldGen       total 668672K, used 488844K [0x0000000080000000, 0x00000000a8d00000, 0x00000000d5580000)
  object space 668672K, 73% used [0x0000000080000000,0x000000009dd630e0,0x00000000a8d00000)
 Metaspace       used 81964K, committed 83712K, reserved 1179648K
  class space    used 9686K, committed 10432K, reserved 1048576K
}
Event: 102.157 GC heap after
{Heap after GC invocations=1156 (full 3):
 PSYoungGen      total 30720K, used 5463K [0x00000000d5580000, 0x00000000d7a00000, 0x0000000100000000)
  eden space 25088K, 0% used [0x00000000d5580000,0x00000000d5580000,0x00000000d6e00000)
  from space 5632K, 97% used [0x00000000d6e80000,0x00000000d73d5fe0,0x00000000d7400000)
  to   space 6144K, 0% used [0x00000000d7400000,0x00000000d7400000,0x00000000d7a00000)
 ParOldGen       total 668672K, used 492862K [0x0000000080000000, 0x00000000a8d00000, 0x00000000d5580000)
  object space 668672K, 73% used [0x0000000080000000,0x000000009e14f8a8,0x00000000a8d00000)
 Metaspace       used 81964K, committed 83712K, reserved 1179648K
  class space    used 9686K, committed 10432K, reserved 1048576K
}
Event: 102.242 GC heap before
{Heap before GC invocations=1157 (full 3):
 PSYoungGen      total 30720K, used 30551K [0x00000000d5580000, 0x00000000d7a00000, 0x0000000100000000)
  eden space 25088K, 100% used [0x00000000d5580000,0x00000000d6e00000,0x00000000d6e00000)
  from space 5632K, 97% used [0x00000000d6e80000,0x00000000d73d5fe0,0x00000000d7400000)
  to   space 6144K, 0% used [0x00000000d7400000,0x00000000d7400000,0x00000000d7a00000)
 ParOldGen       total 668672K, used 492862K [0x0000000080000000, 0x00000000a8d00000, 0x00000000d5580000)
  object space 668672K, 73% used [0x0000000080000000,0x000000009e14f8a8,0x00000000a8d00000)
 Metaspace       used 81964K, committed 83712K, reserved 1179648K
  class space    used 9686K, committed 10432K, reserved 1048576K
}
Event: 102.262 GC heap after
{Heap after GC invocations=1157 (full 3):
 PSYoungGen      total 26112K, used 6112K [0x00000000d5580000, 0x00000000d8380000, 0x0000000100000000)
  eden space 19968K, 0% used [0x00000000d5580000,0x00000000d5580000,0x00000000d6900000)
  from space 6144K, 99% used [0x00000000d7400000,0x00000000d79f8018,0x00000000d7a00000)
  to   space 11264K, 0% used [0x00000000d6900000,0x00000000d6900000,0x00000000d7400000)
 ParOldGen       total 668672K, used 496830K [0x0000000080000000, 0x00000000a8d00000, 0x00000000d5580000)
  object space 668672K, 74% used [0x0000000080000000,0x000000009e52f800,0x00000000a8d00000)
 Metaspace       used 81964K, committed 83712K, reserved 1179648K
  class space    used 9686K, committed 10432K, reserved 1048576K
}
Event: 102.311 GC heap before
{Heap before GC invocations=1158 (full 3):
 PSYoungGen      total 26112K, used 26080K [0x00000000d5580000, 0x00000000d8380000, 0x0000000100000000)
  eden space 19968K, 100% used [0x00000000d5580000,0x00000000d6900000,0x00000000d6900000)
  from space 6144K, 99% used [0x00000000d7400000,0x00000000d79f8018,0x00000000d7a00000)
  to   space 11264K, 0% used [0x00000000d6900000,0x00000000d6900000,0x00000000d7400000)
 ParOldGen       total 668672K, used 496830K [0x0000000080000000, 0x00000000a8d00000, 0x00000000d5580000)
  object space 668672K, 74% used [0x0000000080000000,0x000000009e52f800,0x00000000a8d00000)
 Metaspace       used 81965K, committed 83712K, reserved 1179648K
  class space    used 9686K, committed 10432K, reserved 1048576K
}
Event: 102.332 GC heap after
{Heap after GC invocations=1158 (full 3):
 PSYoungGen      total 26624K, used 6604K [0x00000000d5580000, 0x00000000d7900000, 0x0000000100000000)
  eden space 19968K, 0% used [0x00000000d5580000,0x00000000d5580000,0x00000000d6900000)
  from space 6656K, 99% used [0x00000000d6900000,0x00000000d6f73028,0x00000000d6f80000)
  to   space 8192K, 0% used [0x00000000d7100000,0x00000000d7100000,0x00000000d7900000)
 ParOldGen       total 668672K, used 502668K [0x0000000080000000, 0x00000000a8d00000, 0x00000000d5580000)
  object space 668672K, 75% used [0x0000000080000000,0x000000009eae3058,0x00000000a8d00000)
 Metaspace       used 81965K, committed 83712K, reserved 1179648K
  class space    used 9686K, committed 10432K, reserved 1048576K
}
Event: 102.412 GC heap before
{Heap before GC invocations=1159 (full 3):
 PSYoungGen      total 26624K, used 26572K [0x00000000d5580000, 0x00000000d7900000, 0x0000000100000000)
  eden space 19968K, 100% used [0x00000000d5580000,0x00000000d6900000,0x00000000d6900000)
  from space 6656K, 99% used [0x00000000d6900000,0x00000000d6f73028,0x00000000d6f80000)
  to   space 8192K, 0% used [0x00000000d7100000,0x00000000d7100000,0x00000000d7900000)
 ParOldGen       total 668672K, used 502668K [0x0000000080000000, 0x00000000a8d00000, 0x00000000d5580000)
  object space 668672K, 75% used [0x0000000080000000,0x000000009eae3058,0x00000000a8d00000)
 Metaspace       used 81980K, committed 83712K, reserved 1179648K
  class space    used 9686K, committed 10432K, reserved 1048576K
}
Event: 102.450 GC heap after
{Heap after GC invocations=1159 (full 3):
 PSYoungGen      total 30208K, used 4886K [0x00000000d5580000, 0x00000000d7900000, 0x0000000100000000)
  eden space 22016K, 0% used [0x00000000d5580000,0x00000000d5580000,0x00000000d6b00000)
  from space 8192K, 59% used [0x00000000d7100000,0x00000000d75c59b0,0x00000000d7900000)
  to   space 6144K, 0% used [0x00000000d6b00000,0x00000000d6b00000,0x00000000d7100000)
 ParOldGen       total 668672K, used 509076K [0x0000000080000000, 0x00000000a8d00000, 0x00000000d5580000)
  object space 668672K, 76% used [0x0000000080000000,0x000000009f125130,0x00000000a8d00000)
 Metaspace       used 81980K, committed 83712K, reserved 1179648K
  class space    used 9686K, committed 10432K, reserved 1048576K
}
Event: 102.519 GC heap before
{Heap before GC invocations=1160 (full 3):
 PSYoungGen      total 30208K, used 26901K [0x00000000d5580000, 0x00000000d7900000, 0x0000000100000000)
  eden space 22016K, 99% used [0x00000000d5580000,0x00000000d6affda8,0x00000000d6b00000)
  from space 8192K, 59% used [0x00000000d7100000,0x00000000d75c59b0,0x00000000d7900000)
  to   space 6144K, 0% used [0x00000000d6b00000,0x00000000d6b00000,0x00000000d7100000)
 ParOldGen       total 668672K, used 509076K [0x0000000080000000, 0x00000000a8d00000, 0x00000000d5580000)
  object space 668672K, 76% used [0x0000000080000000,0x000000009f125130,0x00000000a8d00000)
 Metaspace       used 82004K, committed 83776K, reserved 1179648K
  class space    used 9686K, committed 10432K, reserved 1048576K
}
Event: 102.537 GC heap after
{Heap after GC invocations=1160 (full 3):
 PSYoungGen      total 28160K, used 2528K [0x00000000d5580000, 0x00000000d7680000, 0x0000000100000000)
  eden space 22016K, 0% used [0x00000000d5580000,0x00000000d5580000,0x00000000d6b00000)
  from space 6144K, 41% used [0x00000000d6b00000,0x00000000d6d78000,0x00000000d7100000)
  to   space 3584K, 0% used [0x00000000d7300000,0x00000000d7300000,0x00000000d7680000)
 ParOldGen       total 668672K, used 513823K [0x0000000080000000, 0x00000000a8d00000, 0x00000000d5580000)
  object space 668672K, 76% used [0x0000000080000000,0x000000009f5c7f10,0x00000000a8d00000)
 Metaspace       used 82004K, committed 83776K, reserved 1179648K
  class space    used 9686K, committed 10432K, reserved 1048576K
}
Event: 102.608 GC heap before
{Heap before GC invocations=1161 (full 3):
 PSYoungGen      total 28160K, used 24544K [0x00000000d5580000, 0x00000000d7680000, 0x0000000100000000)
  eden space 22016K, 100% used [0x00000000d5580000,0x00000000d6b00000,0x00000000d6b00000)
  from space 6144K, 41% used [0x00000000d6b00000,0x00000000d6d78000,0x00000000d7100000)
  to   space 3584K, 0% used [0x00000000d7300000,0x00000000d7300000,0x00000000d7680000)
 ParOldGen       total 668672K, used 513823K [0x0000000080000000, 0x00000000a8d00000, 0x00000000d5580000)
  object space 668672K, 76% used [0x0000000080000000,0x000000009f5c7f10,0x00000000a8d00000)
 Metaspace       used 82031K, committed 83776K, reserved 1179648K
  class space    used 9686K, committed 10432K, reserved 1048576K
}
Event: 102.611 GC heap after
{Heap after GC invocations=1161 (full 3):
 PSYoungGen      total 25088K, used 2599K [0x00000000d5580000, 0x00000000d7600000, 0x0000000100000000)
  eden space 22016K, 0% used [0x00000000d5580000,0x00000000d5580000,0x00000000d6b00000)
  from space 3072K, 84% used [0x00000000d7300000,0x00000000d7589d40,0x00000000d7600000)
  to   space 3072K, 0% used [0x00000000d7000000,0x00000000d7000000,0x00000000d7300000)
 ParOldGen       total 668672K, used 514015K [0x0000000080000000, 0x00000000a8d00000, 0x00000000d5580000)
  object space 668672K, 76% used [0x0000000080000000,0x000000009f5f7f10,0x00000000a8d00000)
 Metaspace       used 82031K, committed 83776K, reserved 1179648K
  class space    used 9686K, committed 10432K, reserved 1048576K
}

