# JRE version: OpenJDK Runtime Environment Temurin-21.0.8+9 (21.0.8+9) (build 21.0.8+9-LTS)
# Java VM: OpenJDK 64-Bit Server VM Temurin-21.0.8+9 (21.0.8+9-LTS, mixed mode, sharing, tiered, compressed oops, compressed class ptrs, parallel gc, windows-amd64)
GC Precious Log:
 CardTable entry size: 512
 CPUs: 12 total, 12 available
 Memory: 7914M
 Large Page Support: Disabled
 NUMA Support: Disabled
 Compressed Oops: Enabled (32-bit)
 Alignments: Space 512K, Generation 512K, Heap 2M
 Heap Min Capacity: 100M
 Heap Initial Capacity: 100M
 Heap Max Capacity: 2G
 Pre-touch: Disabled
 Parallel Workers: 10
Heap:
 PSYoungGen      total 8704K, used 6830K [0x00000000d5580000, 0x00000000d6200000, 0x0000000100000000)
  eden space 5632K, 72% used [0x00000000d5580000,0x00000000d597de98,0x00000000d5b00000)
  from space 3072K, 89% used [0x00000000d5b00000,0x00000000d5dad9b0,0x00000000d5e00000)
  to   space 3584K, 0% used [0x00000000d5e80000,0x00000000d5e80000,0x00000000d6200000)
 ParOldGen       total 832000K, used 831596K [0x0000000080000000, 0x00000000b2c80000, 0x00000000d5580000)
  object space 832000K, 99% used [0x0000000080000000,0x00000000b2c1b338,0x00000000b2c80000)
 Metaspace       used 70715K, committed 72064K, reserved 1114112K
  class space    used 7266K, committed 7936K, reserved 1048576K
GC Heap History (20 events):
Event: 5470.022 GC heap before
{Heap before GC invocations=1995 (full 4):
 PSYoungGen      total 7168K, used 7168K [0x00000000d5580000, 0x00000000d6380000, 0x0000000100000000)
  eden space 5632K, 100% used [0x00000000d5580000,0x00000000d5b00000,0x00000000d5b00000)
  from space 1536K, 100% used [0x00000000d5b00000,0x00000000d5c80000,0x00000000d5c80000)
  to   space 3584K, 0% used [0x00000000d6000000,0x00000000d6000000,0x00000000d6380000)
 ParOldGen       total 806912K, used 806841K [0x0000000080000000, 0x00000000b1400000, 0x00000000d5580000)
  object space 806912K, 99% used [0x0000000080000000,0x00000000b13ee7a0,0x00000000b1400000)
 Metaspace       used 70706K, committed 72064K, reserved 1114112K
  class space    used 7266K, committed 7936K, reserved 1048576K
}
Event: 5470.031 GC heap after
{Heap after GC invocations=1995 (full 4):
 PSYoungGen      total 6656K, used 3569K [0x00000000d5580000, 0x00000000d6b80000, 0x0000000100000000)
  eden space 3072K, 0% used [0x00000000d5580000,0x00000000d5580000,0x00000000d5880000)
  from space 3584K, 99% used [0x00000000d6000000,0x00000000d637c7e0,0x00000000d6380000)
  to   space 7680K, 0% used [0x00000000d5880000,0x00000000d5880000,0x00000000d6000000)
 ParOldGen       total 809984K, used 809977K [0x0000000080000000, 0x00000000b1700000, 0x00000000d5580000)
  object space 809984K, 99% used [0x0000000080000000,0x00000000b16fe7a0,0x00000000b1700000)
 Metaspace       used 70706K, committed 72064K, reserved 1114112K
  class space    used 7266K, committed 7936K, reserved 1048576K
}
Event: 5470.060 GC heap before
{Heap before GC invocations=1996 (full 4):
 PSYoungGen      total 6656K, used 6641K [0x00000000d5580000, 0x00000000d6b80000, 0x0000000100000000)
  eden space 3072K, 100% used [0x00000000d5580000,0x00000000d5880000,0x00000000d5880000)
  from space 3584K, 99% used [0x00000000d6000000,0x00000000d637c7e0,0x00000000d6380000)
  to   space 7680K, 0% used [0x00000000d5880000,0x00000000d5880000,0x00000000d6000000)
 ParOldGen       total 809984K, used 809977K [0x0000000080000000, 0x00000000b1700000, 0x00000000d5580000)
  object space 809984K, 99% used [0x0000000080000000,0x00000000b16fe7a0,0x00000000b1700000)
 Metaspace       used 70706K, committed 72064K, reserved 1114112K
  class space    used 7266K, committed 7936K, reserved 1048576K
}
Event: 5470.068 GC heap after
{Heap after GC invocations=1996 (full 4):
 PSYoungGen      total 6656K, used 3191K [0x00000000d5580000, 0x00000000d6280000, 0x0000000100000000)
  eden space 3072K, 0% used [0x00000000d5580000,0x00000000d5580000,0x00000000d5880000)
  from space 3584K, 89% used [0x00000000d5880000,0x00000000d5b9dd18,0x00000000d5c00000)
  to   space 4608K, 0% used [0x00000000d5e00000,0x00000000d5e00000,0x00000000d6280000)
 ParOldGen       total 814080K, used 813951K [0x0000000080000000, 0x00000000b1b00000, 0x00000000d5580000)
  object space 814080K, 99% used [0x0000000080000000,0x00000000b1adfe80,0x00000000b1b00000)
 Metaspace       used 70706K, committed 72064K, reserved 1114112K
  class space    used 7266K, committed 7936K, reserved 1048576K
}
Event: 5470.107 GC heap before
{Heap before GC invocations=1997 (full 4):
 PSYoungGen      total 6656K, used 6263K [0x00000000d5580000, 0x00000000d6280000, 0x0000000100000000)
  eden space 3072K, 100% used [0x00000000d5580000,0x00000000d5880000,0x00000000d5880000)
  from space 3584K, 89% used [0x00000000d5880000,0x00000000d5b9dd18,0x00000000d5c00000)
  to   space 4608K, 0% used [0x00000000d5e00000,0x00000000d5e00000,0x00000000d6280000)
 ParOldGen       total 814080K, used 813951K [0x0000000080000000, 0x00000000b1b00000, 0x00000000d5580000)
  object space 814080K, 99% used [0x0000000080000000,0x00000000b1adfe80,0x00000000b1b00000)
 Metaspace       used 70706K, committed 72064K, reserved 1114112K
  class space    used 7266K, committed 7936K, reserved 1048576K
}
Event: 5470.111 GC heap after
{Heap after GC invocations=1997 (full 4):
 PSYoungGen      total 6656K, used 2251K [0x00000000d5580000, 0x00000000d6080000, 0x0000000100000000)
  eden space 4096K, 0% used [0x00000000d5580000,0x00000000d5580000,0x00000000d5980000)
  from space 2560K, 87% used [0x00000000d5e00000,0x00000000d6032ca8,0x00000000d6080000)
  to   space 3072K, 0% used [0x00000000d5a80000,0x00000000d5a80000,0x00000000d5d80000)
 ParOldGen       total 815616K, used 815611K [0x0000000080000000, 0x00000000b1c80000, 0x00000000d5580000)
  object space 815616K, 99% used [0x0000000080000000,0x00000000b1c7eca0,0x00000000b1c80000)
 Metaspace       used 70706K, committed 72064K, reserved 1114112K
  class space    used 7266K, committed 7936K, reserved 1048576K
}
Event: 5470.117 GC heap before
{Heap before GC invocations=1998 (full 4):
 PSYoungGen      total 6656K, used 6347K [0x00000000d5580000, 0x00000000d6080000, 0x0000000100000000)
  eden space 4096K, 100% used [0x00000000d5580000,0x00000000d5980000,0x00000000d5980000)
  from space 2560K, 87% used [0x00000000d5e00000,0x00000000d6032ca8,0x00000000d6080000)
  to   space 3072K, 0% used [0x00000000d5a80000,0x00000000d5a80000,0x00000000d5d80000)
 ParOldGen       total 815616K, used 815611K [0x0000000080000000, 0x00000000b1c80000, 0x00000000d5580000)
  object space 815616K, 99% used [0x0000000080000000,0x00000000b1c7eca0,0x00000000b1c80000)
 Metaspace       used 70706K, committed 72064K, reserved 1114112K
  class space    used 7266K, committed 7936K, reserved 1048576K
}
Event: 5470.122 GC heap after
{Heap after GC invocations=1998 (full 4):
 PSYoungGen      total 8192K, used 3060K [0x00000000d5580000, 0x00000000d6780000, 0x0000000100000000)
  eden space 5120K, 0% used [0x00000000d5580000,0x00000000d5580000,0x00000000d5a80000)
  from space 3072K, 99% used [0x00000000d5a80000,0x00000000d5d7d078,0x00000000d5d80000)
  to   space 6656K, 0% used [0x00000000d6100000,0x00000000d6100000,0x00000000d6780000)
 ParOldGen       total 818688K, used 818418K [0x0000000080000000, 0x00000000b1f80000, 0x00000000d5580000)
  object space 818688K, 99% used [0x0000000080000000,0x00000000b1f3c990,0x00000000b1f80000)
 Metaspace       used 70706K, committed 72064K, reserved 1114112K
  class space    used 7266K, committed 7936K, reserved 1048576K
}
Event: 5470.158 GC heap before
{Heap before GC invocations=1999 (full 4):
 PSYoungGen      total 8192K, used 8180K [0x00000000d5580000, 0x00000000d6780000, 0x0000000100000000)
  eden space 5120K, 100% used [0x00000000d5580000,0x00000000d5a80000,0x00000000d5a80000)
  from space 3072K, 99% used [0x00000000d5a80000,0x00000000d5d7d078,0x00000000d5d80000)
  to   space 6656K, 0% used [0x00000000d6100000,0x00000000d6100000,0x00000000d6780000)
 ParOldGen       total 818688K, used 818418K [0x0000000080000000, 0x00000000b1f80000, 0x00000000d5580000)
  object space 818688K, 99% used [0x0000000080000000,0x00000000b1f3c990,0x00000000b1f80000)
 Metaspace       used 70706K, committed 72064K, reserved 1114112K
  class space    used 7266K, committed 7936K, reserved 1048576K
}
Event: 5470.162 GC heap after
{Heap after GC invocations=1999 (full 4):
 PSYoungGen      total 8704K, used 2507K [0x00000000d5580000, 0x00000000d6380000, 0x0000000100000000)
  eden space 6144K, 0% used [0x00000000d5580000,0x00000000d5580000,0x00000000d5b80000)
  from space 2560K, 97% used [0x00000000d6100000,0x00000000d6372c08,0x00000000d6380000)
  to   space 4096K, 0% used [0x00000000d5b80000,0x00000000d5b80000,0x00000000d5f80000)
 ParOldGen       total 821248K, used 820773K [0x0000000080000000, 0x00000000b2200000, 0x00000000d5580000)
  object space 821248K, 99% used [0x0000000080000000,0x00000000b2189610,0x00000000b2200000)
 Metaspace       used 70706K, committed 72064K, reserved 1114112K
  class space    used 7266K, committed 7936K, reserved 1048576K
}
Event: 5470.178 GC heap before
{Heap before GC invocations=2000 (full 4):
 PSYoungGen      total 8704K, used 8651K [0x00000000d5580000, 0x00000000d6380000, 0x0000000100000000)
  eden space 6144K, 100% used [0x00000000d5580000,0x00000000d5b80000,0x00000000d5b80000)
  from space 2560K, 97% used [0x00000000d6100000,0x00000000d6372c08,0x00000000d6380000)
  to   space 4096K, 0% used [0x00000000d5b80000,0x00000000d5b80000,0x00000000d5f80000)
 ParOldGen       total 821248K, used 820773K [0x0000000080000000, 0x00000000b2200000, 0x00000000d5580000)
  object space 821248K, 99% used [0x0000000080000000,0x00000000b2189610,0x00000000b2200000)
 Metaspace       used 70706K, committed 72064K, reserved 1114112K
  class space    used 7266K, committed 7936K, reserved 1048576K
}
Event: 5470.181 GC heap after
{Heap after GC invocations=2000 (full 4):
 PSYoungGen      total 10240K, used 2811K [0x00000000d5580000, 0x00000000d6300000, 0x0000000100000000)
  eden space 6144K, 0% used [0x00000000d5580000,0x00000000d5580000,0x00000000d5b80000)
  from space 4096K, 68% used [0x00000000d5b80000,0x00000000d5e3eeb0,0x00000000d5f80000)
  to   space 3072K, 0% used [0x00000000d6000000,0x00000000d6000000,0x00000000d6300000)
 ParOldGen       total 823296K, used 823066K [0x0000000080000000, 0x00000000b2400000, 0x00000000d5580000)
  object space 823296K, 99% used [0x0000000080000000,0x00000000b23c69b0,0x00000000b2400000)
 Metaspace       used 70706K, committed 72064K, reserved 1114112K
  class space    used 7266K, committed 7936K, reserved 1048576K
}
Event: 5470.199 GC heap before
{Heap before GC invocations=2001 (full 4):
 PSYoungGen      total 10240K, used 8955K [0x00000000d5580000, 0x00000000d6300000, 0x0000000100000000)
  eden space 6144K, 100% used [0x00000000d5580000,0x00000000d5b80000,0x00000000d5b80000)
  from space 4096K, 68% used [0x00000000d5b80000,0x00000000d5e3eeb0,0x00000000d5f80000)
  to   space 3072K, 0% used [0x00000000d6000000,0x00000000d6000000,0x00000000d6300000)
 ParOldGen       total 823296K, used 823066K [0x0000000080000000, 0x00000000b2400000, 0x00000000d5580000)
  object space 823296K, 99% used [0x0000000080000000,0x00000000b23c69b0,0x00000000b2400000)
 Metaspace       used 70706K, committed 72064K, reserved 1114112K
  class space    used 7266K, committed 7936K, reserved 1048576K
}
Event: 5470.203 GC heap after
{Heap after GC invocations=2001 (full 4):
 PSYoungGen      total 10240K, used 2390K [0x00000000d5580000, 0x00000000d6280000, 0x0000000100000000)
  eden space 7680K, 0% used [0x00000000d5580000,0x00000000d5580000,0x00000000d5d00000)
  from space 2560K, 93% used [0x00000000d6000000,0x00000000d6255810,0x00000000d6280000)
  to   space 2560K, 0% used [0x00000000d5d80000,0x00000000d5d80000,0x00000000d6000000)
 ParOldGen       total 825344K, used 825058K [0x0000000080000000, 0x00000000b2600000, 0x00000000d5580000)
  object space 825344K, 99% used [0x0000000080000000,0x00000000b25b8920,0x00000000b2600000)
 Metaspace       used 70706K, committed 72064K, reserved 1114112K
  class space    used 7266K, committed 7936K, reserved 1048576K
}
Event: 5470.232 GC heap before
{Heap before GC invocations=2002 (full 4):
 PSYoungGen      total 10240K, used 10070K [0x00000000d5580000, 0x00000000d6280000, 0x0000000100000000)
  eden space 7680K, 100% used [0x00000000d5580000,0x00000000d5d00000,0x00000000d5d00000)
  from space 2560K, 93% used [0x00000000d6000000,0x00000000d6255810,0x00000000d6280000)
  to   space 2560K, 0% used [0x00000000d5d80000,0x00000000d5d80000,0x00000000d6000000)
 ParOldGen       total 825344K, used 825058K [0x0000000080000000, 0x00000000b2600000, 0x00000000d5580000)
  object space 825344K, 99% used [0x0000000080000000,0x00000000b25b8920,0x00000000b2600000)
 Metaspace       used 70706K, committed 72064K, reserved 1114112K
  class space    used 7266K, committed 7936K, reserved 1048576K
}
Event: 5470.236 GC heap after
{Heap after GC invocations=2002 (full 4):
 PSYoungGen      total 10240K, used 2496K [0x00000000d5580000, 0x00000000d6200000, 0x0000000100000000)
  eden space 7680K, 0% used [0x00000000d5580000,0x00000000d5580000,0x00000000d5d00000)
  from space 2560K, 97% used [0x00000000d5d80000,0x00000000d5ff0000,0x00000000d6000000)
  to   space 2048K, 0% used [0x00000000d6000000,0x00000000d6000000,0x00000000d6200000)
 ParOldGen       total 827392K, used 826994K [0x0000000080000000, 0x00000000b2800000, 0x00000000d5580000)
  object space 827392K, 99% used [0x0000000080000000,0x00000000b279c9d0,0x00000000b2800000)
 Metaspace       used 70706K, committed 72064K, reserved 1114112K
  class space    used 7266K, committed 7936K, reserved 1048576K
}
Event: 5470.258 GC heap before
{Heap before GC invocations=2003 (full 4):
 PSYoungGen      total 10240K, used 10176K [0x00000000d5580000, 0x00000000d6200000, 0x0000000100000000)
  eden space 7680K, 100% used [0x00000000d5580000,0x00000000d5d00000,0x00000000d5d00000)
  from space 2560K, 97% used [0x00000000d5d80000,0x00000000d5ff0000,0x00000000d6000000)
  to   space 2048K, 0% used [0x00000000d6000000,0x00000000d6000000,0x00000000d6200000)
 ParOldGen       total 827392K, used 826994K [0x0000000080000000, 0x00000000b2800000, 0x00000000d5580000)
  object space 827392K, 99% used [0x0000000080000000,0x00000000b279c9d0,0x00000000b2800000)
 Metaspace       used 70706K, committed 72064K, reserved 1114112K
  class space    used 7266K, committed 7936K, reserved 1048576K
}
Event: 5470.263 GC heap after
{Heap after GC invocations=2003 (full 4):
 PSYoungGen      total 7680K, used 2048K [0x00000000d5580000, 0x00000000d6700000, 0x0000000100000000)
  eden space 5632K, 0% used [0x00000000d5580000,0x00000000d5580000,0x00000000d5b00000)
  from space 2048K, 100% used [0x00000000d6000000,0x00000000d6200000,0x00000000d6200000)
  to   space 5120K, 0% used [0x00000000d5b00000,0x00000000d5b00000,0x00000000d6000000)
 ParOldGen       total 829952K, used 829550K [0x0000000080000000, 0x00000000b2a80000, 0x00000000d5580000)
  object space 829952K, 99% used [0x0000000080000000,0x00000000b2a1b950,0x00000000b2a80000)
 Metaspace       used 70706K, committed 72064K, reserved 1114112K
  class space    used 7266K, committed 7936K, reserved 1048576K
}
Event: 5470.285 GC heap before
{Heap before GC invocations=2004 (full 4):
 PSYoungGen      total 7680K, used 7680K [0x00000000d5580000, 0x00000000d6700000, 0x0000000100000000)
  eden space 5632K, 100% used [0x00000000d5580000,0x00000000d5b00000,0x00000000d5b00000)
  from space 2048K, 100% used [0x00000000d6000000,0x00000000d6200000,0x00000000d6200000)
  to   space 5120K, 0% used [0x00000000d5b00000,0x00000000d5b00000,0x00000000d6000000)
 ParOldGen       total 829952K, used 829550K [0x0000000080000000, 0x00000000b2a80000, 0x00000000d5580000)
  object space 829952K, 99% used [0x0000000080000000,0x00000000b2a1b950,0x00000000b2a80000)
 Metaspace       used 70706K, committed 72064K, reserved 1114112K
  class space    used 7266K, committed 7936K, reserved 1048576K
}
Event: 5470.289 GC heap after
{Heap after GC invocations=2004 (full 4):
 PSYoungGen      total 8704K, used 2742K [0x00000000d5580000, 0x00000000d6200000, 0x0000000100000000)
  eden space 5632K, 0% used [0x00000000d5580000,0x00000000d5580000,0x00000000d5b00000)
  from space 3072K, 89% used [0x00000000d5b00000,0x00000000d5dad9b0,0x00000000d5e00000)
  to   space 3584K, 0% used [0x00000000d5e80000,0x00000000d5e80000,0x00000000d6200000)
 ParOldGen       total 832000K, used 831596K [0x0000000080000000, 0x00000000b2c80000, 0x00000000d5580000)
  object space 832000K, 99% used [0x0000000080000000,0x00000000b2c1b338,0x00000000b2c80000)
 Metaspace       used 70706K, committed 72064K, reserved 1114112K
  class space    used 7266K, committed 7936K, reserved 1048576K
}

