# JRE version: OpenJDK Runtime Environment Temurin-21.0.8+9 (21.0.8+9) (build 21.0.8+9-LTS)
# Java VM: OpenJDK 64-Bit Server VM Temurin-21.0.8+9 (21.0.8+9-LTS, mixed mode, sharing, tiered, compressed oops, compressed class ptrs, parallel gc, windows-amd64)
GC Precious Log:
 CardTable entry size: 512
 CPUs: 12 total, 12 available
 Memory: 7914M
 Large Page Support: Disabled
 NUMA Support: Disabled
 Compressed Oops: Enabled (32-bit)
 Alignments: Space 512K, Generation 512K, Heap 2M
 Heap Min Capacity: 100M
 Heap Initial Capacity: 100M
 Heap Max Capacity: 2G
 Pre-touch: Disabled
 Parallel Workers: 10
Heap:
 PSYoungGen      total 5120K, used 4870K [0x00000000d5580000, 0x00000000d5d80000, 0x0000000100000000)
  eden space 3584K, 100% used [0x00000000d5580000,0x00000000d5900000,0x00000000d5900000)
  from space 1536K, 83% used [0x00000000d5c00000,0x00000000d5d41a10,0x00000000d5d80000)
  to   space 1536K, 0% used [0x00000000d5900000,0x00000000d5900000,0x00000000d5a80000)
 ParOldGen       total 622080K, used 621763K [0x0000000080000000, 0x00000000a5f80000, 0x00000000d5580000)
  object space 622080K, 99% used [0x0000000080000000,0x00000000a5f30c90,0x00000000a5f80000)
 Metaspace       used 71070K, committed 72640K, reserved 1114112K
  class space    used 8052K, committed 8704K, reserved 1048576K
GC Heap History (20 events):
Event: 61.266 GC heap before
{Heap before GC invocations=1044 (full 3):
 PSYoungGen      total 6144K, used 5856K [0x00000000d5580000, 0x00000000d5d00000, 0x0000000100000000)
  eden space 5120K, 100% used [0x00000000d5580000,0x00000000d5a80000,0x00000000d5a80000)
  from space 1024K, 71% used [0x00000000d5c00000,0x00000000d5cb8000,0x00000000d5d00000)
  to   space 1024K, 0% used [0x00000000d5a80000,0x00000000d5a80000,0x00000000d5b80000)
 ParOldGen       total 611840K, used 611710K [0x0000000080000000, 0x00000000a5580000, 0x00000000d5580000)
  object space 611840K, 99% used [0x0000000080000000,0x00000000a555f8f8,0x00000000a5580000)
 Metaspace       used 70912K, committed 72448K, reserved 1114112K
  class space    used 8036K, committed 8704K, reserved 1048576K
}
Event: 61.270 GC heap after
{Heap after GC invocations=1044 (full 3):
 PSYoungGen      total 6144K, used 1008K [0x00000000d5580000, 0x00000000d6380000, 0x0000000100000000)
  eden space 5120K, 0% used [0x00000000d5580000,0x00000000d5580000,0x00000000d5a80000)
  from space 1024K, 98% used [0x00000000d5a80000,0x00000000d5b7c108,0x00000000d5b80000)
  to   space 4608K, 0% used [0x00000000d5f00000,0x00000000d5f00000,0x00000000d6380000)
 ParOldGen       total 614400K, used 614368K [0x0000000080000000, 0x00000000a5800000, 0x00000000d5580000)
  object space 614400K, 99% used [0x0000000080000000,0x00000000a57f82a8,0x00000000a5800000)
 Metaspace       used 70912K, committed 72448K, reserved 1114112K
  class space    used 8036K, committed 8704K, reserved 1048576K
}
Event: 61.362 GC heap before
{Heap before GC invocations=1045 (full 3):
 PSYoungGen      total 6144K, used 6128K [0x00000000d5580000, 0x00000000d6380000, 0x0000000100000000)
  eden space 5120K, 100% used [0x00000000d5580000,0x00000000d5a80000,0x00000000d5a80000)
  from space 1024K, 98% used [0x00000000d5a80000,0x00000000d5b7c108,0x00000000d5b80000)
  to   space 4608K, 0% used [0x00000000d5f00000,0x00000000d5f00000,0x00000000d6380000)
 ParOldGen       total 614400K, used 614368K [0x0000000080000000, 0x00000000a5800000, 0x00000000d5580000)
  object space 614400K, 99% used [0x0000000080000000,0x00000000a57f82a8,0x00000000a5800000)
 Metaspace       used 70912K, committed 72448K, reserved 1114112K
  class space    used 8036K, committed 8704K, reserved 1048576K
}
Event: 61.365 GC heap after
{Heap after GC invocations=1045 (full 3):
 PSYoungGen      total 6144K, used 999K [0x00000000d5580000, 0x00000000d6000000, 0x0000000100000000)
  eden space 5120K, 0% used [0x00000000d5580000,0x00000000d5580000,0x00000000d5a80000)
  from space 1024K, 97% used [0x00000000d5f00000,0x00000000d5ff9fa0,0x00000000d6000000)
  to   space 2048K, 0% used [0x00000000d5c00000,0x00000000d5c00000,0x00000000d5e00000)
 ParOldGen       total 614912K, used 614472K [0x0000000080000000, 0x00000000a5880000, 0x00000000d5580000)
  object space 614912K, 99% used [0x0000000080000000,0x00000000a58122a8,0x00000000a5880000)
 Metaspace       used 70912K, committed 72448K, reserved 1114112K
  class space    used 8036K, committed 8704K, reserved 1048576K
}
Event: 61.434 GC heap before
{Heap before GC invocations=1046 (full 3):
 PSYoungGen      total 6144K, used 6119K [0x00000000d5580000, 0x00000000d6000000, 0x0000000100000000)
  eden space 5120K, 100% used [0x00000000d5580000,0x00000000d5a80000,0x00000000d5a80000)
  from space 1024K, 97% used [0x00000000d5f00000,0x00000000d5ff9fa0,0x00000000d6000000)
  to   space 2048K, 0% used [0x00000000d5c00000,0x00000000d5c00000,0x00000000d5e00000)
 ParOldGen       total 614912K, used 614472K [0x0000000080000000, 0x00000000a5880000, 0x00000000d5580000)
  object space 614912K, 99% used [0x0000000080000000,0x00000000a58122a8,0x00000000a5880000)
 Metaspace       used 70912K, committed 72448K, reserved 1114112K
  class space    used 8036K, committed 8704K, reserved 1048576K
}
Event: 61.436 GC heap after
{Heap after GC invocations=1046 (full 3):
 PSYoungGen      total 7168K, used 384K [0x00000000d5580000, 0x00000000d5f80000, 0x0000000100000000)
  eden space 5120K, 0% used [0x00000000d5580000,0x00000000d5580000,0x00000000d5a80000)
  from space 2048K, 18% used [0x00000000d5c00000,0x00000000d5c60000,0x00000000d5e00000)
  to   space 1024K, 0% used [0x00000000d5e80000,0x00000000d5e80000,0x00000000d5f80000)
 ParOldGen       total 615424K, used 615115K [0x0000000080000000, 0x00000000a5900000, 0x00000000d5580000)
  object space 615424K, 99% used [0x0000000080000000,0x00000000a58b2cb0,0x00000000a5900000)
 Metaspace       used 70912K, committed 72448K, reserved 1114112K
  class space    used 8036K, committed 8704K, reserved 1048576K
}
Event: 61.477 GC heap before
{Heap before GC invocations=1047 (full 3):
 PSYoungGen      total 7168K, used 5504K [0x00000000d5580000, 0x00000000d5f80000, 0x0000000100000000)
  eden space 5120K, 100% used [0x00000000d5580000,0x00000000d5a80000,0x00000000d5a80000)
  from space 2048K, 18% used [0x00000000d5c00000,0x00000000d5c60000,0x00000000d5e00000)
  to   space 1024K, 0% used [0x00000000d5e80000,0x00000000d5e80000,0x00000000d5f80000)
 ParOldGen       total 615424K, used 615115K [0x0000000080000000, 0x00000000a5900000, 0x00000000d5580000)
  object space 615424K, 99% used [0x0000000080000000,0x00000000a58b2cb0,0x00000000a5900000)
 Metaspace       used 70912K, committed 72448K, reserved 1114112K
  class space    used 8036K, committed 8704K, reserved 1048576K
}
Event: 61.479 GC heap after
{Heap after GC invocations=1047 (full 3):
 PSYoungGen      total 6144K, used 896K [0x00000000d5580000, 0x00000000d5f80000, 0x0000000100000000)
  eden space 5120K, 0% used [0x00000000d5580000,0x00000000d5580000,0x00000000d5a80000)
  from space 1024K, 87% used [0x00000000d5e80000,0x00000000d5f60000,0x00000000d5f80000)
  to   space 1024K, 0% used [0x00000000d5d80000,0x00000000d5d80000,0x00000000d5e80000)
 ParOldGen       total 615424K, used 615235K [0x0000000080000000, 0x00000000a5900000, 0x00000000d5580000)
  object space 615424K, 99% used [0x0000000080000000,0x00000000a58d0cb0,0x00000000a5900000)
 Metaspace       used 70912K, committed 72448K, reserved 1114112K
  class space    used 8036K, committed 8704K, reserved 1048576K
}
Event: 61.503 GC heap before
{Heap before GC invocations=1048 (full 3):
 PSYoungGen      total 6144K, used 6016K [0x00000000d5580000, 0x00000000d5f80000, 0x0000000100000000)
  eden space 5120K, 100% used [0x00000000d5580000,0x00000000d5a80000,0x00000000d5a80000)
  from space 1024K, 87% used [0x00000000d5e80000,0x00000000d5f60000,0x00000000d5f80000)
  to   space 1024K, 0% used [0x00000000d5d80000,0x00000000d5d80000,0x00000000d5e80000)
 ParOldGen       total 615424K, used 615235K [0x0000000080000000, 0x00000000a5900000, 0x00000000d5580000)
  object space 615424K, 99% used [0x0000000080000000,0x00000000a58d0cb0,0x00000000a5900000)
 Metaspace       used 70912K, committed 72448K, reserved 1114112K
  class space    used 8036K, committed 8704K, reserved 1048576K
}
Event: 61.505 GC heap after
{Heap after GC invocations=1048 (full 3):
 PSYoungGen      total 5632K, used 384K [0x00000000d5580000, 0x00000000d5f00000, 0x0000000100000000)
  eden space 5120K, 0% used [0x00000000d5580000,0x00000000d5580000,0x00000000d5a80000)
  from space 512K, 75% used [0x00000000d5d80000,0x00000000d5de0000,0x00000000d5e00000)
  to   space 1024K, 0% used [0x00000000d5e00000,0x00000000d5e00000,0x00000000d5f00000)
 ParOldGen       total 615936K, used 615427K [0x0000000080000000, 0x00000000a5980000, 0x00000000d5580000)
  object space 615936K, 99% used [0x0000000080000000,0x00000000a5900cb0,0x00000000a5980000)
 Metaspace       used 70912K, committed 72448K, reserved 1114112K
  class space    used 8036K, committed 8704K, reserved 1048576K
}
Event: 61.522 GC heap before
{Heap before GC invocations=1049 (full 3):
 PSYoungGen      total 5632K, used 5504K [0x00000000d5580000, 0x00000000d5f00000, 0x0000000100000000)
  eden space 5120K, 100% used [0x00000000d5580000,0x00000000d5a80000,0x00000000d5a80000)
  from space 512K, 75% used [0x00000000d5d80000,0x00000000d5de0000,0x00000000d5e00000)
  to   space 1024K, 0% used [0x00000000d5e00000,0x00000000d5e00000,0x00000000d5f00000)
 ParOldGen       total 615936K, used 615427K [0x0000000080000000, 0x00000000a5980000, 0x00000000d5580000)
  object space 615936K, 99% used [0x0000000080000000,0x00000000a5900cb0,0x00000000a5980000)
 Metaspace       used 70912K, committed 72448K, reserved 1114112K
  class space    used 8036K, committed 8704K, reserved 1048576K
}
Event: 61.524 GC heap after
{Heap after GC invocations=1049 (full 3):
 PSYoungGen      total 6144K, used 832K [0x00000000d5580000, 0x00000000d5f00000, 0x0000000100000000)
  eden space 5120K, 0% used [0x00000000d5580000,0x00000000d5580000,0x00000000d5a80000)
  from space 1024K, 81% used [0x00000000d5e00000,0x00000000d5ed0000,0x00000000d5f00000)
  to   space 1024K, 0% used [0x00000000d5d00000,0x00000000d5d00000,0x00000000d5e00000)
 ParOldGen       total 615936K, used 615675K [0x0000000080000000, 0x00000000a5980000, 0x00000000d5580000)
  object space 615936K, 99% used [0x0000000080000000,0x00000000a593ef20,0x00000000a5980000)
 Metaspace       used 70912K, committed 72448K, reserved 1114112K
  class space    used 8036K, committed 8704K, reserved 1048576K
}
Event: 61.656 GC heap before
{Heap before GC invocations=1050 (full 3):
 PSYoungGen      total 6144K, used 5952K [0x00000000d5580000, 0x00000000d5f00000, 0x0000000100000000)
  eden space 5120K, 100% used [0x00000000d5580000,0x00000000d5a80000,0x00000000d5a80000)
  from space 1024K, 81% used [0x00000000d5e00000,0x00000000d5ed0000,0x00000000d5f00000)
  to   space 1024K, 0% used [0x00000000d5d00000,0x00000000d5d00000,0x00000000d5e00000)
 ParOldGen       total 615936K, used 615675K [0x0000000080000000, 0x00000000a5980000, 0x00000000d5580000)
  object space 615936K, 99% used [0x0000000080000000,0x00000000a593ef20,0x00000000a5980000)
 Metaspace       used 71027K, committed 72576K, reserved 1114112K
  class space    used 8047K, committed 8704K, reserved 1048576K
}
Event: 61.659 GC heap after
{Heap after GC invocations=1050 (full 3):
 PSYoungGen      total 6144K, used 576K [0x00000000d5580000, 0x00000000d5e80000, 0x0000000100000000)
  eden space 5120K, 0% used [0x00000000d5580000,0x00000000d5580000,0x00000000d5a80000)
  from space 1024K, 56% used [0x00000000d5d00000,0x00000000d5d90000,0x00000000d5e00000)
  to   space 512K, 0% used [0x00000000d5e00000,0x00000000d5e00000,0x00000000d5e80000)
 ParOldGen       total 616448K, used 616358K [0x0000000080000000, 0x00000000a5a00000, 0x00000000d5580000)
  object space 616448K, 99% used [0x0000000080000000,0x00000000a59e9b28,0x00000000a5a00000)
 Metaspace       used 71027K, committed 72576K, reserved 1114112K
  class space    used 8047K, committed 8704K, reserved 1048576K
}
Event: 65.686 GC heap before
{Heap before GC invocations=1051 (full 3):
 PSYoungGen      total 6144K, used 5696K [0x00000000d5580000, 0x00000000d5e80000, 0x0000000100000000)
  eden space 5120K, 100% used [0x00000000d5580000,0x00000000d5a80000,0x00000000d5a80000)
  from space 1024K, 56% used [0x00000000d5d00000,0x00000000d5d90000,0x00000000d5e00000)
  to   space 512K, 0% used [0x00000000d5e00000,0x00000000d5e00000,0x00000000d5e80000)
 ParOldGen       total 616448K, used 616358K [0x0000000080000000, 0x00000000a5a00000, 0x00000000d5580000)
  object space 616448K, 99% used [0x0000000080000000,0x00000000a59e9b28,0x00000000a5a00000)
 Metaspace       used 71036K, committed 72576K, reserved 1114112K
  class space    used 8047K, committed 8704K, reserved 1048576K
}
Event: 65.988 GC heap after
{Heap after GC invocations=1051 (full 3):
 PSYoungGen      total 4096K, used 508K [0x00000000d5580000, 0x00000000d6480000, 0x0000000100000000)
  eden space 3584K, 0% used [0x00000000d5580000,0x00000000d5580000,0x00000000d5900000)
  from space 512K, 99% used [0x00000000d5e00000,0x00000000d5e7f368,0x00000000d5e80000)
  to   space 5120K, 0% used [0x00000000d5900000,0x00000000d5900000,0x00000000d5e00000)
 ParOldGen       total 620032K, used 620005K [0x0000000080000000, 0x00000000a5d80000, 0x00000000d5580000)
  object space 620032K, 99% used [0x0000000080000000,0x00000000a5d795e8,0x00000000a5d80000)
 Metaspace       used 71036K, committed 72576K, reserved 1114112K
  class space    used 8047K, committed 8704K, reserved 1048576K
}
Event: 68.943 GC heap before
{Heap before GC invocations=1052 (full 3):
 PSYoungGen      total 4096K, used 4092K [0x00000000d5580000, 0x00000000d6480000, 0x0000000100000000)
  eden space 3584K, 100% used [0x00000000d5580000,0x00000000d5900000,0x00000000d5900000)
  from space 512K, 99% used [0x00000000d5e00000,0x00000000d5e7f368,0x00000000d5e80000)
  to   space 5120K, 0% used [0x00000000d5900000,0x00000000d5900000,0x00000000d5e00000)
 ParOldGen       total 620032K, used 620005K [0x0000000080000000, 0x00000000a5d80000, 0x00000000d5580000)
  object space 620032K, 99% used [0x0000000080000000,0x00000000a5d795e8,0x00000000a5d80000)
 Metaspace       used 71054K, committed 72576K, reserved 1114112K
  class space    used 8050K, committed 8704K, reserved 1048576K
}
Event: 68.953 GC heap after
{Heap after GC invocations=1052 (full 3):
 PSYoungGen      total 5120K, used 1359K [0x00000000d5580000, 0x00000000d5e80000, 0x0000000100000000)
  eden space 3584K, 0% used [0x00000000d5580000,0x00000000d5580000,0x00000000d5900000)
  from space 1536K, 88% used [0x00000000d5900000,0x00000000d5a53d10,0x00000000d5a80000)
  to   space 2560K, 0% used [0x00000000d5c00000,0x00000000d5c00000,0x00000000d5e80000)
 ParOldGen       total 621056K, used 620553K [0x0000000080000000, 0x00000000a5e80000, 0x00000000d5580000)
  object space 621056K, 99% used [0x0000000080000000,0x00000000a5e02638,0x00000000a5e80000)
 Metaspace       used 71054K, committed 72576K, reserved 1114112K
  class space    used 8050K, committed 8704K, reserved 1048576K
}
Event: 70.572 GC heap before
{Heap before GC invocations=1053 (full 3):
 PSYoungGen      total 5120K, used 4943K [0x00000000d5580000, 0x00000000d5e80000, 0x0000000100000000)
  eden space 3584K, 100% used [0x00000000d5580000,0x00000000d5900000,0x00000000d5900000)
  from space 1536K, 88% used [0x00000000d5900000,0x00000000d5a53d10,0x00000000d5a80000)
  to   space 2560K, 0% used [0x00000000d5c00000,0x00000000d5c00000,0x00000000d5e80000)
 ParOldGen       total 621056K, used 620553K [0x0000000080000000, 0x00000000a5e80000, 0x00000000d5580000)
  object space 621056K, 99% used [0x0000000080000000,0x00000000a5e02638,0x00000000a5e80000)
 Metaspace       used 71065K, committed 72640K, reserved 1114112K
  class space    used 8052K, committed 8704K, reserved 1048576K
}
Event: 70.577 GC heap after
{Heap after GC invocations=1053 (full 3):
 PSYoungGen      total 5120K, used 1286K [0x00000000d5580000, 0x00000000d5d80000, 0x0000000100000000)
  eden space 3584K, 0% used [0x00000000d5580000,0x00000000d5580000,0x00000000d5900000)
  from space 1536K, 83% used [0x00000000d5c00000,0x00000000d5d41a10,0x00000000d5d80000)
  to   space 1536K, 0% used [0x00000000d5900000,0x00000000d5900000,0x00000000d5a80000)
 ParOldGen       total 622080K, used 621763K [0x0000000080000000, 0x00000000a5f80000, 0x00000000d5580000)
  object space 622080K, 99% used [0x0000000080000000,0x00000000a5f30c90,0x00000000a5f80000)
 Metaspace       used 71065K, committed 72640K, reserved 1114112K
  class space    used 8052K, committed 8704K, reserved 1048576K
}

